[debug] [2026-04-15T18:22:40.754Z] ----------------------------------------------------------------------
[debug] [2026-04-15T18:22:40.756Z] Command:       /Users/ashraf/.nvm/versions/node/v22.12.0/bin/node /Users/ashraf/.nvm/versions/node/v22.12.0/bin/firebase deploy --only hosting
[debug] [2026-04-15T18:22:40.756Z] CLI Version:   14.9.0
[debug] [2026-04-15T18:22:40.756Z] Platform:      darwin
[debug] [2026-04-15T18:22:40.756Z] Node Version:  v22.12.0
[debug] [2026-04-15T18:22:40.756Z] Time:          Thu Apr 16 2026 00:22:40 GMT+0600 (Bangladesh Standard Time)
[debug] [2026-04-15T18:22:40.756Z] ----------------------------------------------------------------------
[debug] 
[debug] [2026-04-15T18:22:40.839Z] > command requires scopes: ["email","openid","https://www.googleapis.com/auth/cloudplatformprojects.readonly","https://www.googleapis.com/auth/firebase","https://www.googleapis.com/auth/cloud-platform"]
[debug] [2026-04-15T18:22:40.840Z] > authorizing via signed-in user (aibudge.contact@gmail.com)
[debug] [2026-04-15T18:22:40.840Z] [iam] checking project dev for permissions ["firebase.projects.get","firebasehosting.sites.update"]
[debug] [2026-04-15T18:22:40.840Z] Checked if tokens are valid: true, expires at: 1776280949561
[debug] [2026-04-15T18:22:40.840Z] Checked if tokens are valid: true, expires at: 1776280949561
[debug] [2026-04-15T18:22:40.840Z] >>> [apiv2][query] POST https://cloudresourcemanager.googleapis.com/v1/projects/dev:testIamPermissions [none]
[debug] [2026-04-15T18:22:40.840Z] >>> [apiv2][(partial)header] POST https://cloudresourcemanager.googleapis.com/v1/projects/dev:testIamPermissions x-goog-quota-user=projects/dev
[debug] [2026-04-15T18:22:40.840Z] >>> [apiv2][body] POST https://cloudresourcemanager.googleapis.com/v1/projects/dev:testIamPermissions {"permissions":["firebase.projects.get","firebasehosting.sites.update"]}
[debug] [2026-04-15T18:22:42.303Z] <<< [apiv2][status] POST https://cloudresourcemanager.googleapis.com/v1/projects/dev:testIamPermissions 200
[debug] [2026-04-15T18:22:42.303Z] <<< [apiv2][body] POST https://cloudresourcemanager.googleapis.com/v1/projects/dev:testIamPermissions {}
[debug] [2026-04-15T18:22:42.303Z] [iam] error while checking permissions, command may fail: Authorization failed. This account is missing the following required permissions on project dev:

  firebase.projects.get
  firebasehosting.sites.update
[debug] [2026-04-15T18:22:42.304Z] Checked if tokens are valid: true, expires at: 1776280949561
[debug] [2026-04-15T18:22:42.304Z] Checked if tokens are valid: true, expires at: 1776280949561
[debug] [2026-04-15T18:22:42.305Z] >>> [apiv2][query] GET https://firebase.googleapis.com/v1beta1/projects/dev [none]
[debug] [2026-04-15T18:22:42.824Z] <<< [apiv2][status] GET https://firebase.googleapis.com/v1beta1/projects/dev 403
[debug] [2026-04-15T18:22:42.825Z] <<< [apiv2][body] GET https://firebase.googleapis.com/v1beta1/projects/dev {"error":{"code":403,"message":"The caller does not have permission","status":"PERMISSION_DENIED"}}
[debug] [2026-04-15T18:22:42.825Z] Request to https://firebase.googleapis.com/v1beta1/projects/dev had HTTP Error: 403, The caller does not have permission
[debug] [2026-04-15T18:22:42.980Z] FirebaseError: Request to https://firebase.googleapis.com/v1beta1/projects/dev had HTTP Error: 403, The caller does not have permission
    at responseToError (/Users/ashraf/.nvm/versions/node/v22.12.0/lib/node_modules/firebase-tools/lib/responseToError.js:52:12)
    at RetryOperation._fn (/Users/ashraf/.nvm/versions/node/v22.12.0/lib/node_modules/firebase-tools/lib/apiv2.js:312:77)
    at process.processTicksAndRejections (node:internal/process/task_queues:105:5)
[error] 
[error] Error: Failed to get Firebase project dev. Please make sure the project exists and your account has permission to access it.
